# JRE version: OpenJDK Runtime Environment Temurin-21.0.7+6 (21.0.7+6) (build 21.0.7+6-LTS)
# Java VM: OpenJDK 64-Bit Server VM Temurin-21.0.7+6 (21.0.7+6-LTS, mixed mode, sharing, tiered, compressed oops, compressed class ptrs, parallel gc, windows-amd64)
GC Precious Log:
 CardTable entry size: 512
 CPUs: 8 total, 8 available
 Memory: 3790M
 Large Page Support: Disabled
 NUMA Support: Disabled
 Compressed Oops: Enabled (32-bit)
 Alignments: Space 512K, Generation 512K, Heap 2M
 Heap Min Capacity: 100M
 Heap Initial Capacity: 100M
 Heap Max Capacity: 1G
 Pre-touch: Disabled
 Parallel Workers: 8
Heap:
 PSYoungGen      total 91136K, used 64011K [0x00000000eab00000, 0x00000000f1680000, 0x0000000100000000)
  eden space 79360K, 66% used [0x00000000eab00000,0x00000000ede270b0,0x00000000ef880000)
  from space 11776K, 98% used [0x00000000f0200000,0x00000000f0d5bd30,0x00000000f0d80000)
  to   space 9216K, 0% used [0x00000000f0d80000,0x00000000f0d80000,0x00000000f1680000)
 ParOldGen       total 500224K, used 500042K [0x00000000c0000000, 0x00000000de880000, 0x00000000eab00000)
  object space 500224K, 99% used [0x00000000c0000000,0x00000000de852808,0x00000000de880000)
 Metaspace       used 82696K, committed 84416K, reserved 1179648K
  class space    used 8430K, committed 9216K, reserved 1048576K
GC Heap History (20 events):
Event: 2211.599 GC heap before
{Heap before GC invocations=1181 (full 4):
 PSYoungGen      total 96768K, used 96491K [0x00000000eab00000, 0x00000000f1c80000, 0x0000000100000000)
  eden space 82432K, 100% used [0x00000000eab00000,0x00000000efb80000,0x00000000efb80000)
  from space 14336K, 98% used [0x00000000efb80000,0x00000000f093ac70,0x00000000f0980000)
  to   space 16384K, 0% used [0x00000000f0c80000,0x00000000f0c80000,0x00000000f1c80000)
 ParOldGen       total 472064K, used 471964K [0x00000000c0000000, 0x00000000dcd00000, 0x00000000eab00000)
  object space 472064K, 99% used [0x00000000c0000000,0x00000000dcce72a0,0x00000000dcd00000)
 Metaspace       used 74753K, committed 76288K, reserved 1179648K
  class space    used 7607K, committed 8320K, reserved 1048576K
}
Event: 2213.225 GC heap after
{Heap after GC invocations=1181 (full 4):
 PSYoungGen      total 97280K, used 16361K [0x00000000eab00000, 0x00000000f2180000, 0x0000000100000000)
  eden space 80896K, 0% used [0x00000000eab00000,0x00000000eab00000,0x00000000efa00000)
  from space 16384K, 99% used [0x00000000f0c80000,0x00000000f1c7a7c8,0x00000000f1c80000)
  to   space 18944K, 0% used [0x00000000efa00000,0x00000000efa00000,0x00000000f0c80000)
 ParOldGen       total 473600K, used 473538K [0x00000000c0000000, 0x00000000dce80000, 0x00000000eab00000)
  object space 473600K, 99% used [0x00000000c0000000,0x00000000dce708c8,0x00000000dce80000)
 Metaspace       used 74753K, committed 76288K, reserved 1179648K
  class space    used 7607K, committed 8320K, reserved 1048576K
}
Event: 2244.240 GC heap before
{Heap before GC invocations=1182 (full 4):
 PSYoungGen      total 97280K, used 97257K [0x00000000eab00000, 0x00000000f2180000, 0x0000000100000000)
  eden space 80896K, 100% used [0x00000000eab00000,0x00000000efa00000,0x00000000efa00000)
  from space 16384K, 99% used [0x00000000f0c80000,0x00000000f1c7a7c8,0x00000000f1c80000)
  to   space 18944K, 0% used [0x00000000efa00000,0x00000000efa00000,0x00000000f0c80000)
 ParOldGen       total 473600K, used 473538K [0x00000000c0000000, 0x00000000dce80000, 0x00000000eab00000)
  object space 473600K, 99% used [0x00000000c0000000,0x00000000dce708c8,0x00000000dce80000)
 Metaspace       used 75254K, committed 76928K, reserved 1179648K
  class space    used 7638K, committed 8384K, reserved 1048576K
}
Event: 2244.635 GC heap after
{Heap after GC invocations=1182 (full 4):
 PSYoungGen      total 96256K, used 14909K [0x00000000eab00000, 0x00000000f1b00000, 0x0000000100000000)
  eden space 80896K, 0% used [0x00000000eab00000,0x00000000eab00000,0x00000000efa00000)
  from space 15360K, 97% used [0x00000000efa00000,0x00000000f088f708,0x00000000f0900000)
  to   space 16384K, 0% used [0x00000000f0b00000,0x00000000f0b00000,0x00000000f1b00000)
 ParOldGen       total 474112K, used 474090K [0x00000000c0000000, 0x00000000dcf00000, 0x00000000eab00000)
  object space 474112K, 99% used [0x00000000c0000000,0x00000000dcefa8c8,0x00000000dcf00000)
 Metaspace       used 75254K, committed 76928K, reserved 1179648K
  class space    used 7638K, committed 8384K, reserved 1048576K
}
Event: 2249.800 GC heap before
{Heap before GC invocations=1183 (full 4):
 PSYoungGen      total 96256K, used 95805K [0x00000000eab00000, 0x00000000f1b00000, 0x0000000100000000)
  eden space 80896K, 100% used [0x00000000eab00000,0x00000000efa00000,0x00000000efa00000)
  from space 15360K, 97% used [0x00000000efa00000,0x00000000f088f708,0x00000000f0900000)
  to   space 16384K, 0% used [0x00000000f0b00000,0x00000000f0b00000,0x00000000f1b00000)
 ParOldGen       total 474112K, used 474090K [0x00000000c0000000, 0x00000000dcf00000, 0x00000000eab00000)
  object space 474112K, 99% used [0x00000000c0000000,0x00000000dcefa8c8,0x00000000dcf00000)
 Metaspace       used 75416K, committed 77056K, reserved 1179648K
  class space    used 7656K, committed 8384K, reserved 1048576K
}
Event: 2250.242 GC heap after
{Heap after GC invocations=1183 (full 4):
 PSYoungGen      total 91648K, used 16376K [0x00000000eab00000, 0x00000000f2880000, 0x0000000100000000)
  eden space 75264K, 0% used [0x00000000eab00000,0x00000000eab00000,0x00000000ef480000)
  from space 16384K, 99% used [0x00000000f0b00000,0x00000000f1afe2c8,0x00000000f1b00000)
  to   space 23040K, 0% used [0x00000000ef480000,0x00000000ef480000,0x00000000f0b00000)
 ParOldGen       total 479744K, used 479427K [0x00000000c0000000, 0x00000000dd480000, 0x00000000eab00000)
  object space 479744K, 99% used [0x00000000c0000000,0x00000000dd430f28,0x00000000dd480000)
 Metaspace       used 75416K, committed 77056K, reserved 1179648K
  class space    used 7656K, committed 8384K, reserved 1048576K
}
Event: 2272.365 GC heap before
{Heap before GC invocations=1184 (full 4):
 PSYoungGen      total 91648K, used 91640K [0x00000000eab00000, 0x00000000f2880000, 0x0000000100000000)
  eden space 75264K, 100% used [0x00000000eab00000,0x00000000ef480000,0x00000000ef480000)
  from space 16384K, 99% used [0x00000000f0b00000,0x00000000f1afe2c8,0x00000000f1b00000)
  to   space 23040K, 0% used [0x00000000ef480000,0x00000000ef480000,0x00000000f0b00000)
 ParOldGen       total 479744K, used 479427K [0x00000000c0000000, 0x00000000dd480000, 0x00000000eab00000)
  object space 479744K, 99% used [0x00000000c0000000,0x00000000dd430f28,0x00000000dd480000)
 Metaspace       used 75511K, committed 77120K, reserved 1179648K
  class space    used 7660K, committed 8384K, reserved 1048576K
}
Event: 2272.894 GC heap after
{Heap after GC invocations=1184 (full 4):
 PSYoungGen      total 85504K, used 10171K [0x00000000eab00000, 0x00000000f1300000, 0x0000000100000000)
  eden space 75264K, 0% used [0x00000000eab00000,0x00000000eab00000,0x00000000ef480000)
  from space 10240K, 99% used [0x00000000ef480000,0x00000000efe6ef68,0x00000000efe80000)
  to   space 14848K, 0% used [0x00000000f0480000,0x00000000f0480000,0x00000000f1300000)
 ParOldGen       total 482816K, used 482412K [0x00000000c0000000, 0x00000000dd780000, 0x00000000eab00000)
  object space 482816K, 99% used [0x00000000c0000000,0x00000000dd71b338,0x00000000dd780000)
 Metaspace       used 75511K, committed 77120K, reserved 1179648K
  class space    used 7660K, committed 8384K, reserved 1048576K
}
Event: 2285.233 GC heap before
{Heap before GC invocations=1185 (full 4):
 PSYoungGen      total 85504K, used 85435K [0x00000000eab00000, 0x00000000f1300000, 0x0000000100000000)
  eden space 75264K, 100% used [0x00000000eab00000,0x00000000ef480000,0x00000000ef480000)
  from space 10240K, 99% used [0x00000000ef480000,0x00000000efe6ef68,0x00000000efe80000)
  to   space 14848K, 0% used [0x00000000f0480000,0x00000000f0480000,0x00000000f1300000)
 ParOldGen       total 482816K, used 482412K [0x00000000c0000000, 0x00000000dd780000, 0x00000000eab00000)
  object space 482816K, 99% used [0x00000000c0000000,0x00000000dd71b338,0x00000000dd780000)
 Metaspace       used 75866K, committed 77504K, reserved 1179648K
  class space    used 7691K, committed 8448K, reserved 1048576K
}
Event: 2285.665 GC heap after
{Heap after GC invocations=1185 (full 4):
 PSYoungGen      total 84480K, used 7597K [0x00000000eab00000, 0x00000000f0c00000, 0x0000000100000000)
  eden space 76800K, 0% used [0x00000000eab00000,0x00000000eab00000,0x00000000ef600000)
  from space 7680K, 98% used [0x00000000f0480000,0x00000000f0beb6e8,0x00000000f0c00000)
  to   space 9728K, 0% used [0x00000000ef900000,0x00000000ef900000,0x00000000f0280000)
 ParOldGen       total 482816K, used 482420K [0x00000000c0000000, 0x00000000dd780000, 0x00000000eab00000)
  object space 482816K, 99% used [0x00000000c0000000,0x00000000dd71d338,0x00000000dd780000)
 Metaspace       used 75866K, committed 77504K, reserved 1179648K
  class space    used 7691K, committed 8448K, reserved 1048576K
}
Event: 2779.459 GC heap before
{Heap before GC invocations=1186 (full 4):
 PSYoungGen      total 84480K, used 84397K [0x00000000eab00000, 0x00000000f0c00000, 0x0000000100000000)
  eden space 76800K, 100% used [0x00000000eab00000,0x00000000ef600000,0x00000000ef600000)
  from space 7680K, 98% used [0x00000000f0480000,0x00000000f0beb6e8,0x00000000f0c00000)
  to   space 9728K, 0% used [0x00000000ef900000,0x00000000ef900000,0x00000000f0280000)
 ParOldGen       total 482816K, used 482420K [0x00000000c0000000, 0x00000000dd780000, 0x00000000eab00000)
  object space 482816K, 99% used [0x00000000c0000000,0x00000000dd71d338,0x00000000dd780000)
 Metaspace       used 76868K, committed 78592K, reserved 1179648K
  class space    used 7795K, committed 8576K, reserved 1048576K
}
Event: 2780.173 GC heap after
{Heap after GC invocations=1186 (full 4):
 PSYoungGen      total 86528K, used 8499K [0x00000000eab00000, 0x00000000f0900000, 0x0000000100000000)
  eden space 77824K, 0% used [0x00000000eab00000,0x00000000eab00000,0x00000000ef700000)
  from space 8704K, 97% used [0x00000000ef900000,0x00000000f014ce28,0x00000000f0180000)
  to   space 7680K, 0% used [0x00000000f0180000,0x00000000f0180000,0x00000000f0900000)
 ParOldGen       total 482816K, used 482428K [0x00000000c0000000, 0x00000000dd780000, 0x00000000eab00000)
  object space 482816K, 99% used [0x00000000c0000000,0x00000000dd71f338,0x00000000dd780000)
 Metaspace       used 76868K, committed 78592K, reserved 1179648K
  class space    used 7795K, committed 8576K, reserved 1048576K
}
Event: 2785.576 GC heap before
{Heap before GC invocations=1187 (full 4):
 PSYoungGen      total 86528K, used 86323K [0x00000000eab00000, 0x00000000f0900000, 0x0000000100000000)
  eden space 77824K, 100% used [0x00000000eab00000,0x00000000ef700000,0x00000000ef700000)
  from space 8704K, 97% used [0x00000000ef900000,0x00000000f014ce28,0x00000000f0180000)
  to   space 7680K, 0% used [0x00000000f0180000,0x00000000f0180000,0x00000000f0900000)
 ParOldGen       total 482816K, used 482428K [0x00000000c0000000, 0x00000000dd780000, 0x00000000eab00000)
  object space 482816K, 99% used [0x00000000c0000000,0x00000000dd71f338,0x00000000dd780000)
 Metaspace       used 77551K, committed 79296K, reserved 1179648K
  class space    used 7838K, committed 8640K, reserved 1048576K
}
Event: 2785.927 GC heap after
{Heap after GC invocations=1187 (full 4):
 PSYoungGen      total 87040K, used 7657K [0x00000000eab00000, 0x00000000f0900000, 0x0000000100000000)
  eden space 79360K, 0% used [0x00000000eab00000,0x00000000eab00000,0x00000000ef880000)
  from space 7680K, 99% used [0x00000000f0180000,0x00000000f08fa580,0x00000000f0900000)
  to   space 8192K, 0% used [0x00000000ef900000,0x00000000ef900000,0x00000000f0100000)
 ParOldGen       total 482816K, used 482468K [0x00000000c0000000, 0x00000000dd780000, 0x00000000eab00000)
  object space 482816K, 99% used [0x00000000c0000000,0x00000000dd729338,0x00000000dd780000)
 Metaspace       used 77551K, committed 79296K, reserved 1179648K
  class space    used 7838K, committed 8640K, reserved 1048576K
}
Event: 2814.908 GC heap before
{Heap before GC invocations=1188 (full 4):
 PSYoungGen      total 87040K, used 87017K [0x00000000eab00000, 0x00000000f0900000, 0x0000000100000000)
  eden space 79360K, 100% used [0x00000000eab00000,0x00000000ef880000,0x00000000ef880000)
  from space 7680K, 99% used [0x00000000f0180000,0x00000000f08fa580,0x00000000f0900000)
  to   space 8192K, 0% used [0x00000000ef900000,0x00000000ef900000,0x00000000f0100000)
 ParOldGen       total 482816K, used 482468K [0x00000000c0000000, 0x00000000dd780000, 0x00000000eab00000)
  object space 482816K, 99% used [0x00000000c0000000,0x00000000dd729338,0x00000000dd780000)
 Metaspace       used 77722K, committed 79488K, reserved 1179648K
  class space    used 7839K, committed 8640K, reserved 1048576K
}
Event: 2815.745 GC heap after
{Heap after GC invocations=1188 (full 4):
 PSYoungGen      total 88064K, used 8180K [0x00000000eab00000, 0x00000000f3200000, 0x0000000100000000)
  eden space 79872K, 0% used [0x00000000eab00000,0x00000000eab00000,0x00000000ef900000)
  from space 8192K, 99% used [0x00000000ef900000,0x00000000f00fd0a8,0x00000000f0100000)
  to   space 28672K, 0% used [0x00000000f1600000,0x00000000f1600000,0x00000000f3200000)
 ParOldGen       total 499712K, used 499691K [0x00000000c0000000, 0x00000000de800000, 0x00000000eab00000)
  object space 499712K, 99% used [0x00000000c0000000,0x00000000de7fad50,0x00000000de800000)
 Metaspace       used 77722K, committed 79488K, reserved 1179648K
  class space    used 7839K, committed 8640K, reserved 1048576K
}
Event: 2887.578 GC heap before
{Heap before GC invocations=1189 (full 4):
 PSYoungGen      total 88064K, used 88052K [0x00000000eab00000, 0x00000000f3200000, 0x0000000100000000)
  eden space 79872K, 100% used [0x00000000eab00000,0x00000000ef900000,0x00000000ef900000)
  from space 8192K, 99% used [0x00000000ef900000,0x00000000f00fd0a8,0x00000000f0100000)
  to   space 28672K, 0% used [0x00000000f1600000,0x00000000f1600000,0x00000000f3200000)
 ParOldGen       total 499712K, used 499691K [0x00000000c0000000, 0x00000000de800000, 0x00000000eab00000)
  object space 499712K, 99% used [0x00000000c0000000,0x00000000de7fad50,0x00000000de800000)
 Metaspace       used 77918K, committed 79680K, reserved 1179648K
  class space    used 7841K, committed 8640K, reserved 1048576K
}
Event: 2888.221 GC heap after
{Heap after GC invocations=1189 (full 4):
 PSYoungGen      total 82432K, used 5049K [0x00000000eab00000, 0x00000000f1b00000, 0x0000000100000000)
  eden space 77312K, 0% used [0x00000000eab00000,0x00000000eab00000,0x00000000ef680000)
  from space 5120K, 98% used [0x00000000f1600000,0x00000000f1aee708,0x00000000f1b00000)
  to   space 12800K, 0% used [0x00000000f0200000,0x00000000f0200000,0x00000000f0e80000)
 ParOldGen       total 500224K, used 500034K [0x00000000c0000000, 0x00000000de880000, 0x00000000eab00000)
  object space 500224K, 99% used [0x00000000c0000000,0x00000000de850808,0x00000000de880000)
 Metaspace       used 77918K, committed 79680K, reserved 1179648K
  class space    used 7841K, committed 8640K, reserved 1048576K
}
Event: 2893.827 GC heap before
{Heap before GC invocations=1190 (full 4):
 PSYoungGen      total 82432K, used 81387K [0x00000000eab00000, 0x00000000f1b00000, 0x0000000100000000)
  eden space 77312K, 98% used [0x00000000eab00000,0x00000000ef58c530,0x00000000ef680000)
  from space 5120K, 98% used [0x00000000f1600000,0x00000000f1aee708,0x00000000f1b00000)
  to   space 12800K, 0% used [0x00000000f0200000,0x00000000f0200000,0x00000000f0e80000)
 ParOldGen       total 500224K, used 500034K [0x00000000c0000000, 0x00000000de880000, 0x00000000eab00000)
  object space 500224K, 99% used [0x00000000c0000000,0x00000000de850808,0x00000000de880000)
 Metaspace       used 78749K, committed 80448K, reserved 1179648K
  class space    used 7931K, committed 8704K, reserved 1048576K
}
Event: 2894.594 GC heap after
{Heap after GC invocations=1190 (full 4):
 PSYoungGen      total 91136K, used 11631K [0x00000000eab00000, 0x00000000f1680000, 0x0000000100000000)
  eden space 79360K, 0% used [0x00000000eab00000,0x00000000eab00000,0x00000000ef880000)
  from space 11776K, 98% used [0x00000000f0200000,0x00000000f0d5bd30,0x00000000f0d80000)
  to   space 9216K, 0% used [0x00000000f0d80000,0x00000000f0d80000,0x00000000f1680000)
 ParOldGen       total 500224K, used 500042K [0x00000000c0000000, 0x00000000de880000, 0x00000000eab00000)
  object space 500224K, 99% used [0x00000000c0000000,0x00000000de852808,0x00000000de880000)
 Metaspace       used 78749K, committed 80448K, reserved 1179648K
  class space    used 7931K, committed 8704K, reserved 1048576K
}

